2012-01-17T14:17:45: Warning: W-UNK-000-000: Received signal 15
2012-01-17T14:17:45: Information: I-UNK-000-000: Program interrupted by SIGTERM signal.
2012-01-17T14:17:45: Error: E-UNK-000-000: Error reading from socket
2012-01-17T14:17:45: Debug: D-UNK-000-000: $Host	->	10.13.40.201
2012-01-17T14:17:45: Debug: D-UNK-000-000: $Port	->	22
2012-01-17T14:17:45: Debug: D-UNK-000-000: Logout attempted ... (10.13.40.201,22)
2012-01-17T14:17:45: Debug: D-UNK-000-000: Rules file processing took 92 usec.
2012-01-17T14:17:45: Debug: D-UNK-000-000: Flushing events to object servers
2012-01-17T14:17:45: Debug: D-UNK-000-000: Flushing events to object servers
2012-01-17T14:17:45: Debug: D-UNK-000-000: $Host	->	10.13.40.201
2012-01-17T14:17:45: Debug: D-UNK-000-000: $Port	->	22
2012-01-17T14:17:45: Debug: D-UNK-000-000: Logout succeeded ... (10.13.40.201,22)
2012-01-17T14:17:45: Debug: D-UNK-000-000: Rules file processing took 138 usec.
2012-01-17T14:17:45: Debug: D-UNK-000-000: Flushing events to object servers
2012-01-17T14:17:45: Debug: D-UNK-000-000: Waiting for flush acknowledge for server AGG_TEST.
2012-01-17T14:17:45: Debug: D-UNK-000-000: Received flush acknowledge for server AGG_TEST.
2012-01-17T14:17:45: Debug: D-UNK-000-000: Flushing events to object servers
2012-01-17T14:17:45: Debug: D-UNK-000-000: $Host	->	10.13.40.201
2012-01-17T14:17:45: Debug: D-UNK-000-000: $Port	->	22
2012-01-17T14:17:45: Debug: D-UNK-000-000: Disconnection attempted ... (10.13.40.201,22)
2012-01-17T14:17:45: Debug: D-UNK-000-000: Rules file processing took 92 usec.
2012-01-17T14:17:45: Debug: D-UNK-000-000: Flushing events to object servers
2012-01-17T14:17:45: Debug: D-UNK-000-000: Waiting for flush acknowledge for server AGG_TEST.
2012-01-17T14:17:45: Debug: D-UNK-000-000: Received flush acknowledge for server AGG_TEST.
2012-01-17T14:17:45: Debug: D-UNK-000-000: Flushing events to object servers
2012-01-17T14:17:45: Debug: D-UNK-000-000: Closing socket to 10.13.40.201
2012-01-17T14:17:45: Debug: D-UNK-000-000: $Host	->	10.13.40.201
2012-01-17T14:17:45: Debug: D-UNK-000-000: $Port	->	22
2012-01-17T14:17:45: Debug: D-UNK-000-000: Disconnection succeeded ... (10.13.40.201,22)
2012-01-17T14:17:45: Debug: D-UNK-000-000: Rules file processing took 90 usec.
2012-01-17T14:17:45: Debug: D-UNK-000-000: Flushing events to object servers
2012-01-17T14:17:45: Debug: D-UNK-000-000: Waiting for flush acknowledge for server AGG_TEST.
2012-01-17T14:17:45: Debug: D-UNK-000-000: Received flush acknowledge for server AGG_TEST.
2012-01-17T14:17:45: Debug: D-UNK-000-000: Flushing events to object servers
2012-01-17T14:17:45: Debug: D-UNK-000-000: Rules file processing took 86 usec.
2012-01-17T14:17:45: Debug: D-UNK-000-000: Flushing events to object servers
2012-01-17T14:17:45: Debug: D-UNK-000-000: Waiting for flush acknowledge for server AGG_TEST.
2012-01-17T14:17:45: Debug: D-UNK-000-000: Received flush acknowledge for server AGG_TEST.
2012-01-17T14:17:45: Debug: D-UNK-000-000: Flushing events to object servers
2012-01-17T14:17:45: Information: I-UNK-000-000: Disconnected from system due to shutdown signal
2012-01-17T14:17:45: Information: I-UNK-000-000: Stopping ...
2012-01-17T14:17:45: Debug: D-UNK-000-000: Rules file processing took 98 usec.
2012-01-17T14:17:45: Debug: D-UNK-000-000: Flushing events to object servers
2012-01-17T14:17:45: Debug: D-UNK-000-000: Waiting for flush acknowledge for server AGG_TEST.
2012-01-17T14:17:45: Debug: D-UNK-000-000: Received flush acknowledge for server AGG_TEST.
2012-01-17T14:17:45: Debug: D-UNK-000-000: Flushing events to object servers
2012-01-17T14:17:45: Debug: D-UNK-000-000: Shutting down Probewatch heartbeat thread.
2012-01-17T14:17:45: Debug: D-UNK-000-000: [P2P] : Peer heartbeat thread quitting
2012-01-17T14:17:45: Debug: D-ETC-004-051: THREAD MGR: thread failover-thread (112e70) stopped
2012-01-17T14:17:46: Debug: D-UNK-000-000: Probewatch heartbeat thread detected stop request
2012-01-17T14:17:46: Debug: D-ETC-004-051: THREAD MGR: thread probewatchheartbeat-thread (114630) stopped
2012-01-17T14:17:46: Debug: D-UNK-000-000: Flushing events to object servers
2012-01-17T14:17:46: Debug: D-UNK-000-000: Stopping separate communications threads if they are running.
2012-01-17T14:17:46: Debug: D-UNK-000-000: Shutting down Communications thread for server AGG_TEST.
2012-01-17T14:17:46: Debug: D-UNK-000-000: Communications thread for server AGG_TEST quitting.
2012-01-17T14:17:46: Debug: D-ETC-004-051: THREAD MGR: thread AGG_TEST-ComThread (113b48) stopped
2012-01-17T14:17:46: Debug: D-UNK-000-000: Running with single threaded communications.
2012-01-17T14:17:46: Debug: D-UNK-000-000: Shutting down Communications thread for server AGG_TEST.
2012-01-17T14:17:46: Debug: D-UNK-000-000: Communications thread for server AGG_TEST is already shutdown.
2012-01-17T14:17:46: Debug: D-UNK-000-000: Shutting down Probewatch heartbeat thread.
2012-01-17T14:17:46: Debug: D-UNK-000-000: Probewatch heartbeat thread is already shutdown.
2012-01-17T14:18:00: Information: I-UNK-000-000: Connecting to ObjectServer ...
2012-01-17T14:18:00: Debug: D-UNK-000-000: Shutting down Probewatch heartbeat thread.
2012-01-17T14:18:00: Debug: D-UNK-000-000: Probewatch heartbeat thread is already shutdown.
2012-01-17T14:18:00: Debug: D-UNK-000-000: Stopping separate communications threads if they are running.
2012-01-17T14:18:00: Debug: D-UNK-000-000: Running with single threaded communications.
2012-01-17T14:18:00: Debug: D-UNK-000-000: Reading /opt/IBM/tivoli/netcool/omnibus/probes/solaris2/ericsson_BNSI.rules
2012-01-17T14:18:00: Debug: D-UNK-000-000: Plain text rules file detected.
2012-01-17T14:18:00: Debug: D-UNK-000-000:  Including /opt/IBM/tivoli/netcool/omnibus/probes/includes/BNSI_eventType.lookup
2012-01-17T14:18:00: Debug: D-UNK-000-000: Plain text rules file detected.
2012-01-17T14:18:00: Debug: D-UNK-000-000:  End of /opt/IBM/tivoli/netcool/omnibus/probes/includes/BNSI_eventType.lookup
2012-01-17T14:18:00: Debug: D-UNK-000-000:  Including /opt/IBM/tivoli/netcool/omnibus/probes/includes/BNSI_probableCause.lookup
2012-01-17T14:18:00: Debug: D-UNK-000-000: Plain text rules file detected.
2012-01-17T14:18:00: Debug: D-UNK-000-000:  End of /opt/IBM/tivoli/netcool/omnibus/probes/includes/BNSI_probableCause.lookup
2012-01-17T14:18:00: Debug: D-UNK-000-000:  Including /opt/IBM/tivoli/netcool/omnibus/probes/includes/BNSI_specificProblem.lookup
2012-01-17T14:18:00: Debug: D-UNK-000-000: Plain text rules file detected.
2012-01-17T14:18:00: Debug: D-UNK-000-000:  End of /opt/IBM/tivoli/netcool/omnibus/probes/includes/BNSI_specificProblem.lookup
2012-01-17T14:18:00: Debug: D-UNK-000-000:  Including /opt/IBM/tivoli/netcool/omnibus/probes/includes/BNSI_other.lookup
2012-01-17T14:18:00: Debug: D-UNK-000-000: Plain text rules file detected.
2012-01-17T14:18:00: Debug: D-UNK-000-000:  End of /opt/IBM/tivoli/netcool/omnibus/probes/includes/BNSI_other.lookup
2012-01-17T14:18:00: Debug: D-UNK-000-000: End of /opt/IBM/tivoli/netcool/omnibus/probes/solaris2/ericsson_BNSI.rules
2012-01-17T14:18:00: Debug: D-UNK-000-000: Number of currently connected servers in list is 0
2012-01-17T14:18:00: Information: I-UNK-000-000: Using targets specified by properties
2012-01-17T14:18:00: Debug: D-UNK-000-000: Creating target for server AGG_TEST.
2012-01-17T14:18:00: Debug: D-UNK-000-000: Setting default target server to 'AGG_TEST'.
2012-01-17T14:18:00: Debug: D-UNK-000-000: Default target backup server is ''.
2012-01-17T14:18:00: Debug: D-UNK-000-000: Setting network timeouts to '5'.
2012-01-17T14:18:00: Debug: D-UNK-000-000: Primary server is 'AGG_TEST' backup is ''.
2012-01-17T14:18:00: Debug: D-UNK-000-000: Attempting a connection to server 'AGG_TEST'.
2012-01-17T14:18:00: Debug: D-UNK-000-000: Checking for backup ObjectServer.
2012-01-17T14:18:00: Information: I-UNK-000-000: 'AGG_TEST' is a primary server. Polling disabled.
2012-01-17T14:18:00: Debug: D-UNK-000-000: Checking for svc update support.
2012-01-17T14:18:00: Debug: D-UNK-000-000: Server SUPPORTS services.
2012-01-17T14:18:00: Debug: D-UNK-000-000: svc update SUPPORTED
2012-01-17T14:18:00: Debug: D-UNK-000-000: Server Verification Starting.
2012-01-17T14:18:00: Debug: D-UNK-000-000: Server Verification Complete.
2012-01-17T14:18:00: Debug: D-UNK-000-000: SAF: Forwarding SAF file on Initial startup
2012-01-17T14:18:00: Debug: D-UNK-000-000: SAF: Disconnectiontime = 0 : Expire time = 0
2012-01-17T14:18:00: Debug: D-UNK-000-000: SAF: Forwarding events from SAF files
2012-01-17T14:18:00: Debug: D-UNK-000-000: Heartbeat mode is: standard
2012-01-17T14:18:00: Debug: D-UNK-000-000: Heartbeat mode is standard, probe will function as normal without heartbeating
2012-01-17T14:18:00: Debug: D-ETC-004-049: THREAD MGR: started thread failover-thread (112e70)
2012-01-17T14:18:00: Debug: D-ETC-004-050: THREAD MGR: thread failover-thread (112e70) running
2012-01-17T14:18:00: Debug: D-UNK-000-000: Final number of connected servers in list is 1
2012-01-17T14:18:00: Debug: D-UNK-000-000: Starting communication thread for server AGG_TEST.
2012-01-17T14:18:00: Debug: D-ETC-004-049: THREAD MGR: started thread AGG_TEST-ComThread (113b58)
2012-01-17T14:18:00: Debug: D-ETC-004-050: THREAD MGR: thread AGG_TEST-ComThread (113b58) running
2012-01-17T14:18:00: Debug: D-UNK-000-000: Created communication thread for server AGG_TEST.
2012-01-17T14:18:00: Debug: D-UNK-000-000: Running with multithreaded communications.
2012-01-17T14:18:00: Debug: D-ETC-004-049: THREAD MGR: started thread probewatchheartbeat-thread (114640)
2012-01-17T14:18:00: Debug: D-ETC-004-050: THREAD MGR: thread probewatchheartbeat-thread (114640) running
2012-01-17T14:18:00: Debug: D-UNK-000-000: Probewatch heartbeat thread created successfully.
2012-01-17T14:18:00: Debug: D-UNK-000-000: *NOT* running PA Aware
2012-01-17T14:18:00: Debug: D-UNK-000-000: Rules file processing took 127 usec.
2012-01-17T14:18:00: Debug: D-UNK-000-000: Flushing events to object servers
2012-01-17T14:18:00: Debug: D-UNK-000-000: Flushing events to object servers
2012-01-17T14:18:00: Information: I-UNK-000-000: Invalid Alarm Log has been DISABLED
2012-01-17T14:18:00: Debug: D-UNK-000-000: $Host	->	10.13.40.201
2012-01-17T14:18:00: Debug: D-UNK-000-000: $Port	->	22
2012-01-17T14:18:00: Debug: D-UNK-000-000: Connection attempted ... (10.13.40.201,22)
2012-01-17T14:18:00: Debug: D-UNK-000-000: Rules file processing took 147 usec.
2012-01-17T14:18:00: Debug: D-UNK-000-000: Flushing events to object servers
2012-01-17T14:18:00: Debug: D-UNK-000-000: Waiting for flush acknowledge for server AGG_TEST.
2012-01-17T14:18:00: Debug: D-UNK-000-000: Received flush acknowledge for server AGG_TEST.
2012-01-17T14:18:00: Debug: D-UNK-000-000: Flushing events to object servers
2012-01-17T14:18:00: Information: I-UNK-000-000: Opening connection to 10.13.40.201:22 ...
2012-01-17T14:18:00: Debug: D-UNK-000-000: Last read timer has been reset for first time
2012-01-17T14:18:00: Debug: D-UNK-000-000: $Host	->	10.13.40.201
2012-01-17T14:18:00: Debug: D-UNK-000-000: $Port	->	22
2012-01-17T14:18:00: Debug: D-UNK-000-000: Connection succeeded ... (10.13.40.201,22)
2012-01-17T14:18:00: Debug: D-UNK-000-000: Rules file processing took 79 usec.
2012-01-17T14:18:00: Debug: D-UNK-000-000: Flushing events to object servers
2012-01-17T14:18:00: Debug: D-UNK-000-000: Flushing events to object servers
2012-01-17T14:18:00: Debug: D-UNK-000-000: $Host	->	10.13.40.201
2012-01-17T14:18:00: Debug: D-UNK-000-000: $Port	->	22
2012-01-17T14:18:00: Debug: D-UNK-000-000: Login attempted ... (10.13.40.201,22)
2012-01-17T14:18:00: Debug: D-UNK-000-000: Rules file processing took 135 usec.
2012-01-17T14:18:00: Debug: D-UNK-000-000: Flushing events to object servers
2012-01-17T14:18:00: Debug: D-UNK-000-000: Waiting for flush acknowledge for server AGG_TEST.
2012-01-17T14:18:00: Debug: D-UNK-000-000: Received flush acknowledge for server AGG_TEST.
2012-01-17T14:18:00: Debug: D-UNK-000-000: Flushing events to object servers
2012-01-17T14:18:00: Debug: D-UNK-000-000: Converting 'SSH-2.0-Sun_SSH_1.1.3
':
2012-01-17T14:18:00: Debug: D-UNK-000-000: Expecting: SSH-2.0-Sun_SSH_1.1.3

2012-01-17T14:18:00: Debug: D-UNK-000-000: Compiling regular expression for: "SSH-2.0-Sun_SSH_1.1.3
"
2012-01-17T14:18:00: Debug: D-UNK-000-000: Found expected string.
2012-01-17T14:18:00: Debug: D-UNK-000-000: Expect buffer: "SSH-2.0-Sun_SSH_1.1.3
"
2012-01-17T14:18:00: Debug: D-UNK-000-000: Expect buffer matches regexp "SSH-2.0-Sun_SSH_1.1.3
"
2012-01-17T14:18:00: Debug: D-UNK-000-000: Converting '':
2012-01-17T14:18:00: Debug: D-UNK-000-000: Sending: 
2012-01-17T14:18:00: Debug: D-UNK-000-000: Converting '':
2012-01-17T14:18:00: Debug: D-UNK-000-000: Expecting: 
2012-01-17T14:18:00: Debug: D-UNK-000-000: Compiling regular expression for: ""
2012-01-17T14:18:00: Debug: D-UNK-000-000: Expect buffer matches regexp ""
2012-01-17T14:18:00: Debug: D-UNK-000-000: Converting '/nav/opt/nbai/bin/SendAlarms mobnav_1 -hbint 30 -ver 3':
2012-01-17T14:18:00: Debug: D-UNK-000-000: Sending: /nav/opt/nbai/bin/SendAlarms mobnav_1 -hbint 30 -ver 3
2012-01-17T14:18:00: Debug: D-UNK-000-000: $Host	->	10.13.40.201
2012-01-17T14:18:00: Debug: D-UNK-000-000: $Port	->	22
2012-01-17T14:18:00: Debug: D-UNK-000-000: Login succeeded ... (10.13.40.201,22)
2012-01-17T14:18:00: Debug: D-UNK-000-000: Rules file processing took 78 usec.
2012-01-17T14:18:00: Debug: D-UNK-000-000: Flushing events to object servers
2012-01-17T14:18:00: Debug: D-UNK-000-000: Flushing events to object servers
